<?xml version="1.0" encoding="UTF-8"?>
<!-- Generated by org.testng.reporters.JUnitReportReporter -->
<testsuite hostname="INBAWN146088" failures="0" tests="2" name="webframework.SeleniumWebFrameWorkDesign.Test.FullflowTest" time="19.750" errors="0" timestamp="2023-08-29T16:36:38 IST" skipped="0">
  <testcase classname="webframework.SeleniumWebFrameWorkDesign.Test.FullflowTest" name="submitOrder" time="17.059"/>
  <testcase classname="webframework.SeleniumWebFrameWorkDesign.Test.FullflowTest" name="OrderHistoryTest" time="2.691"/>
</testsuite> <!-- webframework.SeleniumWebFrameWorkDesign.Test.FullflowTest -->
