<?xml version="1.0" encoding="UTF-8"?>
<!-- Generated by org.testng.reporters.JUnitReportReporter -->
<testsuite hostname="INBAWN146088" failures="0" tests="2" name="webframework.SeleniumWebFrameWorkDesign.Test.FullflowTest" time="20.110" errors="0" timestamp="2023-08-31T11:34:22 IST" skipped="0">
  <testcase classname="webframework.SeleniumWebFrameWorkDesign.Test.FullflowTest" name="OrderHistoryTest" time="2.731"/>
  <testcase classname="webframework.SeleniumWebFrameWorkDesign.Test.FullflowTest" name="submitOrder" time="17.379"/>
</testsuite> <!-- webframework.SeleniumWebFrameWorkDesign.Test.FullflowTest -->
