<?xml version="1.0" encoding="UTF-8"?>
<!-- Generated by org.testng.reporters.JUnitReportReporter -->
<testsuite hostname="INBAWN146088" failures="0" tests="2" name="webframework.SeleniumWebFrameWorkDesign.Test.LoginPageTest" time="22.621" errors="0" timestamp="2023-08-29T16:36:38 IST" skipped="0">
  <testcase classname="webframework.SeleniumWebFrameWorkDesign.Test.LoginPageTest" name="ErrorValid" time="4.394"/>
  <testcase classname="webframework.SeleniumWebFrameWorkDesign.Test.LoginPageTest" name="submitOrder" time="18.227"/>
</testsuite> <!-- webframework.SeleniumWebFrameWorkDesign.Test.LoginPageTest -->
