<?xml version="1.0" encoding="UTF-8"?>
<!-- Generated by org.testng.reporters.JUnitReportReporter -->
<testsuite hostname="INBAWN146088" failures="0" tests="2" name="webframework.SeleniumWebFrameWorkDesign.Test.LoginPageTest" time="21.129" errors="0" timestamp="2023-08-31T11:34:22 IST" skipped="0">
  <testcase classname="webframework.SeleniumWebFrameWorkDesign.Test.LoginPageTest" name="submitOrder" time="18.239"/>
  <testcase classname="webframework.SeleniumWebFrameWorkDesign.Test.LoginPageTest" name="ErrorValid" time="2.890"/>
</testsuite> <!-- webframework.SeleniumWebFrameWorkDesign.Test.LoginPageTest -->
