<?xml version="1.0" encoding="UTF-8"?>
<!-- Generated by org.testng.reporters.JUnitReportReporter -->
<testsuite hostname="INBAWN146088" failures="0" tests="1" name="webframework.SeleniumWebFrameWorkDesign.Test.ConvertjsontoMAp" time="0.011" errors="0" timestamp="2023-10-05T11:06:49 IST" skipped="0">
  <testcase classname="webframework.SeleniumWebFrameWorkDesign.Test.ConvertjsontoMAp" name="retrnData" time="0.011"/>
</testsuite> <!-- webframework.SeleniumWebFrameWorkDesign.Test.ConvertjsontoMAp -->
