<?xml version="1.0" encoding="UTF-8"?>
<!-- Generated by org.testng.reporters.JUnitReportReporter -->
<testsuite hostname="INBAWN146088" failures="0" tests="2" name="webframework.SeleniumWebFrameWorkDesign.Test.FullflowTest" time="15.160" errors="0" timestamp="2023-08-30T11:13:19 IST" skipped="0">
  <testcase classname="webframework.SeleniumWebFrameWorkDesign.Test.FullflowTest" name="OrderHistoryTest" time="7.253"/>
  <testcase classname="webframework.SeleniumWebFrameWorkDesign.Test.FullflowTest" name="submitOrder" time="7.907"/>
</testsuite> <!-- webframework.SeleniumWebFrameWorkDesign.Test.FullflowTest -->
