<?xml version="1.0" encoding="UTF-8"?>
<!-- Generated by org.testng.reporters.JUnitReportReporter -->
<testsuite hostname="INBAWN146088" failures="0" tests="2" name="webframework.SeleniumWebFrameWorkDesign.Test.LoginPageTest" time="29.463" errors="0" timestamp="2023-08-30T11:13:19 IST" skipped="0">
  <testcase classname="webframework.SeleniumWebFrameWorkDesign.Test.LoginPageTest" name="submitOrder" time="21.243"/>
  <testcase classname="webframework.SeleniumWebFrameWorkDesign.Test.LoginPageTest" name="ErrorValid" time="8.220"/>
</testsuite> <!-- webframework.SeleniumWebFrameWorkDesign.Test.LoginPageTest -->
